<?xml version="1.0" encoding="UTF-8"?>
<testsuite xmlns:xsi="http://www.w3.org/2001/XMLSchema-instance" xsi:noNamespaceSchemaLocation="https://maven.apache.org/surefire/maven-surefire-plugin/xsd/surefire-test-report.xsd" name="net.javaguides.springboot.SpringbootThymeleafCrudWebAppApplicationTests" time="18.473" tests="72" errors="0" skipped="0" failures="0">
  <properties>
    <property name="sun.desktop" value="windows"/>
    <property name="awt.toolkit" value="sun.awt.windows.WToolkit"/>
    <property name="java.specification.version" value="11"/>
    <property name="sun.cpu.isalist" value="amd64"/>
    <property name="sun.jnu.encoding" value="Cp1252"/>
    <property name="java.class.path" value="D:\Users\Amaia\Desktop\PBL5\pbl5\popbl5\Code\Backend\target\test-classes;D:\Users\Amaia\Desktop\PBL5\pbl5\popbl5\Code\Backend\target\classes;C:\Users\Amaia\.m2\repository\javax\servlet\jsp\jsp-api\2.2\jsp-api-2.2.jar;C:\Users\Amaia\.m2\repository\org\springframework\boot\spring-boot-starter-data-jpa\2.2.7.RELEASE\spring-boot-starter-data-jpa-2.2.7.RELEASE.jar;C:\Users\Amaia\.m2\repository\org\springframework\boot\spring-boot-starter-aop\2.2.7.RELEASE\spring-boot-starter-aop-2.2.7.RELEASE.jar;C:\Users\Amaia\.m2\repository\org\aspectj\aspectjweaver\1.9.5\aspectjweaver-1.9.5.jar;C:\Users\Amaia\.m2\repository\org\springframework\boot\spring-boot-starter-jdbc\2.2.7.RELEASE\spring-boot-starter-jdbc-2.2.7.RELEASE.jar;C:\Users\Amaia\.m2\repository\com\zaxxer\HikariCP\3.4.3\HikariCP-3.4.3.jar;C:\Users\Amaia\.m2\repository\org\springframework\spring-jdbc\5.2.6.RELEASE\spring-jdbc-5.2.6.RELEASE.jar;C:\Users\Amaia\.m2\repository\jakarta\persistence\jakarta.persistence-api\2.2.3\jakarta.persistence-api-2.2.3.jar;C:\Users\Amaia\.m2\repository\jakarta\transaction\jakarta.transaction-api\1.3.3\jakarta.transaction-api-1.3.3.jar;C:\Users\Amaia\.m2\repository\org\springframework\data\spring-data-jpa\2.2.7.RELEASE\spring-data-jpa-2.2.7.RELEASE.jar;C:\Users\Amaia\.m2\repository\org\springframework\data\spring-data-commons\2.2.7.RELEASE\spring-data-commons-2.2.7.RELEASE.jar;C:\Users\Amaia\.m2\repository\org\springframework\spring-orm\5.2.6.RELEASE\spring-orm-5.2.6.RELEASE.jar;C:\Users\Amaia\.m2\repository\org\springframework\spring-context\5.2.6.RELEASE\spring-context-5.2.6.RELEASE.jar;C:\Users\Amaia\.m2\repository\org\springframework\spring-tx\5.2.6.RELEASE\spring-tx-5.2.6.RELEASE.jar;C:\Users\Amaia\.m2\repository\org\springframework\spring-beans\5.2.6.RELEASE\spring-beans-5.2.6.RELEASE.jar;C:\Users\Amaia\.m2\repository\org\springframework\spring-aspects\5.2.6.RELEASE\spring-aspects-5.2.6.RELEASE.jar;C:\Users\Amaia\.m2\repository\org\springframework\boot\spring-boot-starter-security\2.2.7.RELEASE\spring-boot-starter-security-2.2.7.RELEASE.jar;C:\Users\Amaia\.m2\repository\org\springframework\boot\spring-boot-starter\2.2.7.RELEASE\spring-boot-starter-2.2.7.RELEASE.jar;C:\Users\Amaia\.m2\repository\org\springframework\boot\spring-boot-starter-logging\2.2.7.RELEASE\spring-boot-starter-logging-2.2.7.RELEASE.jar;C:\Users\Amaia\.m2\repository\ch\qos\logback\logback-classic\1.2.3\logback-classic-1.2.3.jar;C:\Users\Amaia\.m2\repository\ch\qos\logback\logback-core\1.2.3\logback-core-1.2.3.jar;C:\Users\Amaia\.m2\repository\org\apache\logging\log4j\log4j-to-slf4j\2.12.1\log4j-to-slf4j-2.12.1.jar;C:\Users\Amaia\.m2\repository\org\apache\logging\log4j\log4j-api\2.12.1\log4j-api-2.12.1.jar;C:\Users\Amaia\.m2\repository\org\slf4j\jul-to-slf4j\1.7.30\jul-to-slf4j-1.7.30.jar;C:\Users\Amaia\.m2\repository\jakarta\annotation\jakarta.annotation-api\1.3.5\jakarta.annotation-api-1.3.5.jar;C:\Users\Amaia\.m2\repository\org\yaml\snakeyaml\1.25\snakeyaml-1.25.jar;C:\Users\Amaia\.m2\repository\org\springframework\spring-aop\5.2.6.RELEASE\spring-aop-5.2.6.RELEASE.jar;C:\Users\Amaia\.m2\repository\org\springframework\security\spring-security-config\5.2.4.RELEASE\spring-security-config-5.2.4.RELEASE.jar;C:\Users\Amaia\.m2\repository\org\springframework\security\spring-security-web\5.2.4.RELEASE\spring-security-web-5.2.4.RELEASE.jar;C:\Users\Amaia\.m2\repository\org\springframework\spring-expression\5.2.6.RELEASE\spring-expression-5.2.6.RELEASE.jar;C:\Users\Amaia\.m2\repository\org\springframework\boot\spring-boot-starter-thymeleaf\2.2.7.RELEASE\spring-boot-starter-thymeleaf-2.2.7.RELEASE.jar;C:\Users\Amaia\.m2\repository\org\thymeleaf\thymeleaf-spring5\3.0.11.RELEASE\thymeleaf-spring5-3.0.11.RELEASE.jar;C:\Users\Amaia\.m2\repository\org\thymeleaf\thymeleaf\3.0.11.RELEASE\thymeleaf-3.0.11.RELEASE.jar;C:\Users\Amaia\.m2\repository\org\attoparser\attoparser\2.0.5.RELEASE\attoparser-2.0.5.RELEASE.jar;C:\Users\Amaia\.m2\repository\org\unbescape\unbescape\1.1.6.RELEASE\unbescape-1.1.6.RELEASE.jar;C:\Users\Amaia\.m2\repository\org\thymeleaf\extras\thymeleaf-extras-java8time\3.0.4.RELEASE\thymeleaf-extras-java8time-3.0.4.RELEASE.jar;C:\Users\Amaia\.m2\repository\org\thymeleaf\extras\thymeleaf-extras-springsecurity5\3.0.4.RELEASE\thymeleaf-extras-springsecurity5-3.0.4.RELEASE.jar;C:\Users\Amaia\.m2\repository\org\slf4j\slf4j-api\1.7.30\slf4j-api-1.7.30.jar;C:\Users\Amaia\.m2\repository\org\springframework\boot\spring-boot-starter-web\2.2.7.RELEASE\spring-boot-starter-web-2.2.7.RELEASE.jar;C:\Users\Amaia\.m2\repository\org\springframework\boot\spring-boot-starter-json\2.2.7.RELEASE\spring-boot-starter-json-2.2.7.RELEASE.jar;C:\Users\Amaia\.m2\repository\com\fasterxml\jackson\core\jackson-databind\2.10.4\jackson-databind-2.10.4.jar;C:\Users\Amaia\.m2\repository\com\fasterxml\jackson\core\jackson-annotations\2.10.4\jackson-annotations-2.10.4.jar;C:\Users\Amaia\.m2\repository\com\fasterxml\jackson\core\jackson-core\2.10.4\jackson-core-2.10.4.jar;C:\Users\Amaia\.m2\repository\com\fasterxml\jackson\datatype\jackson-datatype-jdk8\2.10.4\jackson-datatype-jdk8-2.10.4.jar;C:\Users\Amaia\.m2\repository\com\fasterxml\jackson\datatype\jackson-datatype-jsr310\2.10.4\jackson-datatype-jsr310-2.10.4.jar;C:\Users\Amaia\.m2\repository\com\fasterxml\jackson\module\jackson-module-parameter-names\2.10.4\jackson-module-parameter-names-2.10.4.jar;C:\Users\Amaia\.m2\repository\org\springframework\boot\spring-boot-starter-tomcat\2.2.7.RELEASE\spring-boot-starter-tomcat-2.2.7.RELEASE.jar;C:\Users\Amaia\.m2\repository\org\apache\tomcat\embed\tomcat-embed-core\9.0.34\tomcat-embed-core-9.0.34.jar;C:\Users\Amaia\.m2\repository\org\apache\tomcat\embed\tomcat-embed-el\9.0.34\tomcat-embed-el-9.0.34.jar;C:\Users\Amaia\.m2\repository\org\apache\tomcat\embed\tomcat-embed-websocket\9.0.34\tomcat-embed-websocket-9.0.34.jar;C:\Users\Amaia\.m2\repository\org\springframework\boot\spring-boot-starter-validation\2.2.7.RELEASE\spring-boot-starter-validation-2.2.7.RELEASE.jar;C:\Users\Amaia\.m2\repository\jakarta\validation\jakarta.validation-api\2.0.2\jakarta.validation-api-2.0.2.jar;C:\Users\Amaia\.m2\repository\org\hibernate\validator\hibernate-validator\6.0.19.Final\hibernate-validator-6.0.19.Final.jar;C:\Users\Amaia\.m2\repository\org\springframework\spring-web\5.2.6.RELEASE\spring-web-5.2.6.RELEASE.jar;C:\Users\Amaia\.m2\repository\org\springframework\spring-webmvc\5.2.6.RELEASE\spring-webmvc-5.2.6.RELEASE.jar;C:\Users\Amaia\.m2\repository\org\springframework\boot\spring-boot-starter-mail\2.2.7.RELEASE\spring-boot-starter-mail-2.2.7.RELEASE.jar;C:\Users\Amaia\.m2\repository\org\springframework\spring-context-support\5.2.6.RELEASE\spring-context-support-5.2.6.RELEASE.jar;C:\Users\Amaia\.m2\repository\com\sun\mail\jakarta.mail\1.6.5\jakarta.mail-1.6.5.jar;C:\Users\Amaia\.m2\repository\com\sun\activation\jakarta.activation\1.2.2\jakarta.activation-1.2.2.jar;C:\Users\Amaia\.m2\repository\com\googlecode\json-simple\json-simple\1.1.1\json-simple-1.1.1.jar;C:\Users\Amaia\.m2\repository\org\springframework\boot\spring-boot-devtools\2.2.7.RELEASE\spring-boot-devtools-2.2.7.RELEASE.jar;C:\Users\Amaia\.m2\repository\org\springframework\boot\spring-boot\2.2.7.RELEASE\spring-boot-2.2.7.RELEASE.jar;C:\Users\Amaia\.m2\repository\org\springframework\boot\spring-boot-autoconfigure\2.2.7.RELEASE\spring-boot-autoconfigure-2.2.7.RELEASE.jar;C:\Users\Amaia\.m2\repository\mysql\mysql-connector-java\8.0.20\mysql-connector-java-8.0.20.jar;C:\Users\Amaia\.m2\repository\org\springframework\boot\spring-boot-starter-test\2.2.7.RELEASE\spring-boot-starter-test-2.2.7.RELEASE.jar;C:\Users\Amaia\.m2\repository\org\springframework\boot\spring-boot-test\2.2.7.RELEASE\spring-boot-test-2.2.7.RELEASE.jar;C:\Users\Amaia\.m2\repository\org\springframework\boot\spring-boot-test-autoconfigure\2.2.7.RELEASE\spring-boot-test-autoconfigure-2.2.7.RELEASE.jar;C:\Users\Amaia\.m2\repository\com\jayway\jsonpath\json-path\2.4.0\json-path-2.4.0.jar;C:\Users\Amaia\.m2\repository\net\minidev\json-smart\2.3\json-smart-2.3.jar;C:\Users\Amaia\.m2\repository\net\minidev\accessors-smart\1.2\accessors-smart-1.2.jar;C:\Users\Amaia\.m2\repository\org\ow2\asm\asm\5.0.4\asm-5.0.4.jar;C:\Users\Amaia\.m2\repository\jakarta\xml\bind\jakarta.xml.bind-api\2.3.3\jakarta.xml.bind-api-2.3.3.jar;C:\Users\Amaia\.m2\repository\jakarta\activation\jakarta.activation-api\1.2.2\jakarta.activation-api-1.2.2.jar;C:\Users\Amaia\.m2\repository\org\mockito\mockito-junit-jupiter\3.1.0\mockito-junit-jupiter-3.1.0.jar;C:\Users\Amaia\.m2\repository\org\assertj\assertj-core\3.13.2\assertj-core-3.13.2.jar;C:\Users\Amaia\.m2\repository\org\hamcrest\hamcrest\2.1\hamcrest-2.1.jar;C:\Users\Amaia\.m2\repository\org\mockito\mockito-core\3.1.0\mockito-core-3.1.0.jar;C:\Users\Amaia\.m2\repository\net\bytebuddy\byte-buddy-agent\1.10.10\byte-buddy-agent-1.10.10.jar;C:\Users\Amaia\.m2\repository\org\objenesis\objenesis\2.6\objenesis-2.6.jar;C:\Users\Amaia\.m2\repository\org\skyscreamer\jsonassert\1.5.0\jsonassert-1.5.0.jar;C:\Users\Amaia\.m2\repository\com\vaadin\external\google\android-json\0.0.20131108.vaadin1\android-json-0.0.20131108.vaadin1.jar;C:\Users\Amaia\.m2\repository\org\springframework\spring-core\5.2.6.RELEASE\spring-core-5.2.6.RELEASE.jar;C:\Users\Amaia\.m2\repository\org\springframework\spring-jcl\5.2.6.RELEASE\spring-jcl-5.2.6.RELEASE.jar;C:\Users\Amaia\.m2\repository\org\springframework\spring-test\5.2.6.RELEASE\spring-test-5.2.6.RELEASE.jar;C:\Users\Amaia\.m2\repository\org\xmlunit\xmlunit-core\2.6.4\xmlunit-core-2.6.4.jar;C:\Users\Amaia\.m2\repository\org\springframework\security\spring-security-test\5.2.4.RELEASE\spring-security-test-5.2.4.RELEASE.jar;C:\Users\Amaia\.m2\repository\org\springframework\security\spring-security-core\5.2.4.RELEASE\spring-security-core-5.2.4.RELEASE.jar;C:\Users\Amaia\.m2\repository\org\junit\jupiter\junit-jupiter-api\5.5.2\junit-jupiter-api-5.5.2.jar;C:\Users\Amaia\.m2\repository\org\apiguardian\apiguardian-api\1.1.0\apiguardian-api-1.1.0.jar;C:\Users\Amaia\.m2\repository\org\opentest4j\opentest4j\1.2.0\opentest4j-1.2.0.jar;C:\Users\Amaia\.m2\repository\org\junit\platform\junit-platform-commons\1.5.2\junit-platform-commons-1.5.2.jar;C:\Users\Amaia\.m2\repository\junit\junit\4.13\junit-4.13.jar;C:\Users\Amaia\.m2\repository\org\hamcrest\hamcrest-core\2.1\hamcrest-core-2.1.jar;C:\Users\Amaia\.m2\repository\org\hibernate\hibernate-core\5.4.4.Final\hibernate-core-5.4.4.Final.jar;C:\Users\Amaia\.m2\repository\org\jboss\logging\jboss-logging\3.4.1.Final\jboss-logging-3.4.1.Final.jar;C:\Users\Amaia\.m2\repository\javax\persistence\javax.persistence-api\2.2\javax.persistence-api-2.2.jar;C:\Users\Amaia\.m2\repository\org\javassist\javassist\3.24.0-GA\javassist-3.24.0-GA.jar;C:\Users\Amaia\.m2\repository\net\bytebuddy\byte-buddy\1.10.10\byte-buddy-1.10.10.jar;C:\Users\Amaia\.m2\repository\antlr\antlr\2.7.7\antlr-2.7.7.jar;C:\Users\Amaia\.m2\repository\org\jboss\spec\javax\transaction\jboss-transaction-api_1.2_spec\1.1.1.Final\jboss-transaction-api_1.2_spec-1.1.1.Final.jar;C:\Users\Amaia\.m2\repository\org\jboss\jandex\2.0.5.Final\jandex-2.0.5.Final.jar;C:\Users\Amaia\.m2\repository\com\fasterxml\classmate\1.5.1\classmate-1.5.1.jar;C:\Users\Amaia\.m2\repository\javax\activation\javax.activation-api\1.2.0\javax.activation-api-1.2.0.jar;C:\Users\Amaia\.m2\repository\org\dom4j\dom4j\2.1.1\dom4j-2.1.1.jar;C:\Users\Amaia\.m2\repository\org\hibernate\common\hibernate-commons-annotations\5.1.0.Final\hibernate-commons-annotations-5.1.0.Final.jar;C:\Users\Amaia\.m2\repository\javax\xml\bind\jaxb-api\2.3.1\jaxb-api-2.3.1.jar;C:\Users\Amaia\.m2\repository\org\glassfish\jaxb\jaxb-runtime\2.3.3\jaxb-runtime-2.3.3.jar;C:\Users\Amaia\.m2\repository\org\glassfish\jaxb\txw2\2.3.3\txw2-2.3.3.jar;C:\Users\Amaia\.m2\repository\com\sun\istack\istack-commons-runtime\3.0.11\istack-commons-runtime-3.0.11.jar;C:\Users\Amaia\.m2\repository\org\junit\jupiter\junit-jupiter\5.6.2\junit-jupiter-5.6.2.jar;C:\Users\Amaia\.m2\repository\org\junit\jupiter\junit-jupiter-params\5.5.2\junit-jupiter-params-5.5.2.jar;C:\Users\Amaia\.m2\repository\org\junit\jupiter\junit-jupiter-engine\5.5.2\junit-jupiter-engine-5.5.2.jar;C:\Users\Amaia\.m2\repository\org\junit\platform\junit-platform-engine\1.5.2\junit-platform-engine-1.5.2.jar;C:\Users\Amaia\.m2\repository\com\h2database\h2\1.4.200\h2-1.4.200.jar;C:\Users\Amaia\.m2\repository\org\springframework\boot\spring-boot-starter-websocket\2.2.7.RELEASE\spring-boot-starter-websocket-2.2.7.RELEASE.jar;C:\Users\Amaia\.m2\repository\org\springframework\spring-messaging\5.2.6.RELEASE\spring-messaging-5.2.6.RELEASE.jar;C:\Users\Amaia\.m2\repository\org\springframework\spring-websocket\5.2.6.RELEASE\spring-websocket-5.2.6.RELEASE.jar;"/>
    <property name="java.vm.vendor" value="Oracle Corporation"/>
    <property name="sun.arch.data.model" value="64"/>
    <property name="user.variant" value=""/>
    <property name="java.vendor.url" value="https://openjdk.java.net/"/>
    <property name="user.timezone" value="Europe/Paris"/>
    <property name="java.vm.specification.version" value="11"/>
    <property name="os.name" value="Windows 10"/>
    <property name="sun.java.launcher" value="SUN_STANDARD"/>
    <property name="user.country" value="ES"/>
    <property name="sun.boot.library.path" value="C:\Program Files\Java\jdk-11.0.8\bin"/>
    <property name="sun.java.command" value="C:\Users\Amaia\AppData\Local\Temp\surefire16142648255240093647\surefirebooter54800998776097931.jar C:\Users\Amaia\AppData\Local\Temp\surefire16142648255240093647 2021-01-21T21-58-25_158-jvmRun1 surefire5417635476052689958tmp surefire_013115622384560829029tmp"/>
    <property name="jdk.debug" value="release"/>
    <property name="surefire.test.class.path" value="D:\Users\Amaia\Desktop\PBL5\pbl5\popbl5\Code\Backend\target\test-classes;D:\Users\Amaia\Desktop\PBL5\pbl5\popbl5\Code\Backend\target\classes;C:\Users\Amaia\.m2\repository\javax\servlet\jsp\jsp-api\2.2\jsp-api-2.2.jar;C:\Users\Amaia\.m2\repository\org\springframework\boot\spring-boot-starter-data-jpa\2.2.7.RELEASE\spring-boot-starter-data-jpa-2.2.7.RELEASE.jar;C:\Users\Amaia\.m2\repository\org\springframework\boot\spring-boot-starter-aop\2.2.7.RELEASE\spring-boot-starter-aop-2.2.7.RELEASE.jar;C:\Users\Amaia\.m2\repository\org\aspectj\aspectjweaver\1.9.5\aspectjweaver-1.9.5.jar;C:\Users\Amaia\.m2\repository\org\springframework\boot\spring-boot-starter-jdbc\2.2.7.RELEASE\spring-boot-starter-jdbc-2.2.7.RELEASE.jar;C:\Users\Amaia\.m2\repository\com\zaxxer\HikariCP\3.4.3\HikariCP-3.4.3.jar;C:\Users\Amaia\.m2\repository\org\springframework\spring-jdbc\5.2.6.RELEASE\spring-jdbc-5.2.6.RELEASE.jar;C:\Users\Amaia\.m2\repository\jakarta\persistence\jakarta.persistence-api\2.2.3\jakarta.persistence-api-2.2.3.jar;C:\Users\Amaia\.m2\repository\jakarta\transaction\jakarta.transaction-api\1.3.3\jakarta.transaction-api-1.3.3.jar;C:\Users\Amaia\.m2\repository\org\springframework\data\spring-data-jpa\2.2.7.RELEASE\spring-data-jpa-2.2.7.RELEASE.jar;C:\Users\Amaia\.m2\repository\org\springframework\data\spring-data-commons\2.2.7.RELEASE\spring-data-commons-2.2.7.RELEASE.jar;C:\Users\Amaia\.m2\repository\org\springframework\spring-orm\5.2.6.RELEASE\spring-orm-5.2.6.RELEASE.jar;C:\Users\Amaia\.m2\repository\org\springframework\spring-context\5.2.6.RELEASE\spring-context-5.2.6.RELEASE.jar;C:\Users\Amaia\.m2\repository\org\springframework\spring-tx\5.2.6.RELEASE\spring-tx-5.2.6.RELEASE.jar;C:\Users\Amaia\.m2\repository\org\springframework\spring-beans\5.2.6.RELEASE\spring-beans-5.2.6.RELEASE.jar;C:\Users\Amaia\.m2\repository\org\springframework\spring-aspects\5.2.6.RELEASE\spring-aspects-5.2.6.RELEASE.jar;C:\Users\Amaia\.m2\repository\org\springframework\boot\spring-boot-starter-security\2.2.7.RELEASE\spring-boot-starter-security-2.2.7.RELEASE.jar;C:\Users\Amaia\.m2\repository\org\springframework\boot\spring-boot-starter\2.2.7.RELEASE\spring-boot-starter-2.2.7.RELEASE.jar;C:\Users\Amaia\.m2\repository\org\springframework\boot\spring-boot-starter-logging\2.2.7.RELEASE\spring-boot-starter-logging-2.2.7.RELEASE.jar;C:\Users\Amaia\.m2\repository\ch\qos\logback\logback-classic\1.2.3\logback-classic-1.2.3.jar;C:\Users\Amaia\.m2\repository\ch\qos\logback\logback-core\1.2.3\logback-core-1.2.3.jar;C:\Users\Amaia\.m2\repository\org\apache\logging\log4j\log4j-to-slf4j\2.12.1\log4j-to-slf4j-2.12.1.jar;C:\Users\Amaia\.m2\repository\org\apache\logging\log4j\log4j-api\2.12.1\log4j-api-2.12.1.jar;C:\Users\Amaia\.m2\repository\org\slf4j\jul-to-slf4j\1.7.30\jul-to-slf4j-1.7.30.jar;C:\Users\Amaia\.m2\repository\jakarta\annotation\jakarta.annotation-api\1.3.5\jakarta.annotation-api-1.3.5.jar;C:\Users\Amaia\.m2\repository\org\yaml\snakeyaml\1.25\snakeyaml-1.25.jar;C:\Users\Amaia\.m2\repository\org\springframework\spring-aop\5.2.6.RELEASE\spring-aop-5.2.6.RELEASE.jar;C:\Users\Amaia\.m2\repository\org\springframework\security\spring-security-config\5.2.4.RELEASE\spring-security-config-5.2.4.RELEASE.jar;C:\Users\Amaia\.m2\repository\org\springframework\security\spring-security-web\5.2.4.RELEASE\spring-security-web-5.2.4.RELEASE.jar;C:\Users\Amaia\.m2\repository\org\springframework\spring-expression\5.2.6.RELEASE\spring-expression-5.2.6.RELEASE.jar;C:\Users\Amaia\.m2\repository\org\springframework\boot\spring-boot-starter-thymeleaf\2.2.7.RELEASE\spring-boot-starter-thymeleaf-2.2.7.RELEASE.jar;C:\Users\Amaia\.m2\repository\org\thymeleaf\thymeleaf-spring5\3.0.11.RELEASE\thymeleaf-spring5-3.0.11.RELEASE.jar;C:\Users\Amaia\.m2\repository\org\thymeleaf\thymeleaf\3.0.11.RELEASE\thymeleaf-3.0.11.RELEASE.jar;C:\Users\Amaia\.m2\repository\org\attoparser\attoparser\2.0.5.RELEASE\attoparser-2.0.5.RELEASE.jar;C:\Users\Amaia\.m2\repository\org\unbescape\unbescape\1.1.6.RELEASE\unbescape-1.1.6.RELEASE.jar;C:\Users\Amaia\.m2\repository\org\thymeleaf\extras\thymeleaf-extras-java8time\3.0.4.RELEASE\thymeleaf-extras-java8time-3.0.4.RELEASE.jar;C:\Users\Amaia\.m2\repository\org\thymeleaf\extras\thymeleaf-extras-springsecurity5\3.0.4.RELEASE\thymeleaf-extras-springsecurity5-3.0.4.RELEASE.jar;C:\Users\Amaia\.m2\repository\org\slf4j\slf4j-api\1.7.30\slf4j-api-1.7.30.jar;C:\Users\Amaia\.m2\repository\org\springframework\boot\spring-boot-starter-web\2.2.7.RELEASE\spring-boot-starter-web-2.2.7.RELEASE.jar;C:\Users\Amaia\.m2\repository\org\springframework\boot\spring-boot-starter-json\2.2.7.RELEASE\spring-boot-starter-json-2.2.7.RELEASE.jar;C:\Users\Amaia\.m2\repository\com\fasterxml\jackson\core\jackson-databind\2.10.4\jackson-databind-2.10.4.jar;C:\Users\Amaia\.m2\repository\com\fasterxml\jackson\core\jackson-annotations\2.10.4\jackson-annotations-2.10.4.jar;C:\Users\Amaia\.m2\repository\com\fasterxml\jackson\core\jackson-core\2.10.4\jackson-core-2.10.4.jar;C:\Users\Amaia\.m2\repository\com\fasterxml\jackson\datatype\jackson-datatype-jdk8\2.10.4\jackson-datatype-jdk8-2.10.4.jar;C:\Users\Amaia\.m2\repository\com\fasterxml\jackson\datatype\jackson-datatype-jsr310\2.10.4\jackson-datatype-jsr310-2.10.4.jar;C:\Users\Amaia\.m2\repository\com\fasterxml\jackson\module\jackson-module-parameter-names\2.10.4\jackson-module-parameter-names-2.10.4.jar;C:\Users\Amaia\.m2\repository\org\springframework\boot\spring-boot-starter-tomcat\2.2.7.RELEASE\spring-boot-starter-tomcat-2.2.7.RELEASE.jar;C:\Users\Amaia\.m2\repository\org\apache\tomcat\embed\tomcat-embed-core\9.0.34\tomcat-embed-core-9.0.34.jar;C:\Users\Amaia\.m2\repository\org\apache\tomcat\embed\tomcat-embed-el\9.0.34\tomcat-embed-el-9.0.34.jar;C:\Users\Amaia\.m2\repository\org\apache\tomcat\embed\tomcat-embed-websocket\9.0.34\tomcat-embed-websocket-9.0.34.jar;C:\Users\Amaia\.m2\repository\org\springframework\boot\spring-boot-starter-validation\2.2.7.RELEASE\spring-boot-starter-validation-2.2.7.RELEASE.jar;C:\Users\Amaia\.m2\repository\jakarta\validation\jakarta.validation-api\2.0.2\jakarta.validation-api-2.0.2.jar;C:\Users\Amaia\.m2\repository\org\hibernate\validator\hibernate-validator\6.0.19.Final\hibernate-validator-6.0.19.Final.jar;C:\Users\Amaia\.m2\repository\org\springframework\spring-web\5.2.6.RELEASE\spring-web-5.2.6.RELEASE.jar;C:\Users\Amaia\.m2\repository\org\springframework\spring-webmvc\5.2.6.RELEASE\spring-webmvc-5.2.6.RELEASE.jar;C:\Users\Amaia\.m2\repository\org\springframework\boot\spring-boot-starter-mail\2.2.7.RELEASE\spring-boot-starter-mail-2.2.7.RELEASE.jar;C:\Users\Amaia\.m2\repository\org\springframework\spring-context-support\5.2.6.RELEASE\spring-context-support-5.2.6.RELEASE.jar;C:\Users\Amaia\.m2\repository\com\sun\mail\jakarta.mail\1.6.5\jakarta.mail-1.6.5.jar;C:\Users\Amaia\.m2\repository\com\sun\activation\jakarta.activation\1.2.2\jakarta.activation-1.2.2.jar;C:\Users\Amaia\.m2\repository\com\googlecode\json-simple\json-simple\1.1.1\json-simple-1.1.1.jar;C:\Users\Amaia\.m2\repository\org\springframework\boot\spring-boot-devtools\2.2.7.RELEASE\spring-boot-devtools-2.2.7.RELEASE.jar;C:\Users\Amaia\.m2\repository\org\springframework\boot\spring-boot\2.2.7.RELEASE\spring-boot-2.2.7.RELEASE.jar;C:\Users\Amaia\.m2\repository\org\springframework\boot\spring-boot-autoconfigure\2.2.7.RELEASE\spring-boot-autoconfigure-2.2.7.RELEASE.jar;C:\Users\Amaia\.m2\repository\mysql\mysql-connector-java\8.0.20\mysql-connector-java-8.0.20.jar;C:\Users\Amaia\.m2\repository\org\springframework\boot\spring-boot-starter-test\2.2.7.RELEASE\spring-boot-starter-test-2.2.7.RELEASE.jar;C:\Users\Amaia\.m2\repository\org\springframework\boot\spring-boot-test\2.2.7.RELEASE\spring-boot-test-2.2.7.RELEASE.jar;C:\Users\Amaia\.m2\repository\org\springframework\boot\spring-boot-test-autoconfigure\2.2.7.RELEASE\spring-boot-test-autoconfigure-2.2.7.RELEASE.jar;C:\Users\Amaia\.m2\repository\com\jayway\jsonpath\json-path\2.4.0\json-path-2.4.0.jar;C:\Users\Amaia\.m2\repository\net\minidev\json-smart\2.3\json-smart-2.3.jar;C:\Users\Amaia\.m2\repository\net\minidev\accessors-smart\1.2\accessors-smart-1.2.jar;C:\Users\Amaia\.m2\repository\org\ow2\asm\asm\5.0.4\asm-5.0.4.jar;C:\Users\Amaia\.m2\repository\jakarta\xml\bind\jakarta.xml.bind-api\2.3.3\jakarta.xml.bind-api-2.3.3.jar;C:\Users\Amaia\.m2\repository\jakarta\activation\jakarta.activation-api\1.2.2\jakarta.activation-api-1.2.2.jar;C:\Users\Amaia\.m2\repository\org\mockito\mockito-junit-jupiter\3.1.0\mockito-junit-jupiter-3.1.0.jar;C:\Users\Amaia\.m2\repository\org\assertj\assertj-core\3.13.2\assertj-core-3.13.2.jar;C:\Users\Amaia\.m2\repository\org\hamcrest\hamcrest\2.1\hamcrest-2.1.jar;C:\Users\Amaia\.m2\repository\org\mockito\mockito-core\3.1.0\mockito-core-3.1.0.jar;C:\Users\Amaia\.m2\repository\net\bytebuddy\byte-buddy-agent\1.10.10\byte-buddy-agent-1.10.10.jar;C:\Users\Amaia\.m2\repository\org\objenesis\objenesis\2.6\objenesis-2.6.jar;C:\Users\Amaia\.m2\repository\org\skyscreamer\jsonassert\1.5.0\jsonassert-1.5.0.jar;C:\Users\Amaia\.m2\repository\com\vaadin\external\google\android-json\0.0.20131108.vaadin1\android-json-0.0.20131108.vaadin1.jar;C:\Users\Amaia\.m2\repository\org\springframework\spring-core\5.2.6.RELEASE\spring-core-5.2.6.RELEASE.jar;C:\Users\Amaia\.m2\repository\org\springframework\spring-jcl\5.2.6.RELEASE\spring-jcl-5.2.6.RELEASE.jar;C:\Users\Amaia\.m2\repository\org\springframework\spring-test\5.2.6.RELEASE\spring-test-5.2.6.RELEASE.jar;C:\Users\Amaia\.m2\repository\org\xmlunit\xmlunit-core\2.6.4\xmlunit-core-2.6.4.jar;C:\Users\Amaia\.m2\repository\org\springframework\security\spring-security-test\5.2.4.RELEASE\spring-security-test-5.2.4.RELEASE.jar;C:\Users\Amaia\.m2\repository\org\springframework\security\spring-security-core\5.2.4.RELEASE\spring-security-core-5.2.4.RELEASE.jar;C:\Users\Amaia\.m2\repository\org\junit\jupiter\junit-jupiter-api\5.5.2\junit-jupiter-api-5.5.2.jar;C:\Users\Amaia\.m2\repository\org\apiguardian\apiguardian-api\1.1.0\apiguardian-api-1.1.0.jar;C:\Users\Amaia\.m2\repository\org\opentest4j\opentest4j\1.2.0\opentest4j-1.2.0.jar;C:\Users\Amaia\.m2\repository\org\junit\platform\junit-platform-commons\1.5.2\junit-platform-commons-1.5.2.jar;C:\Users\Amaia\.m2\repository\junit\junit\4.13\junit-4.13.jar;C:\Users\Amaia\.m2\repository\org\hamcrest\hamcrest-core\2.1\hamcrest-core-2.1.jar;C:\Users\Amaia\.m2\repository\org\hibernate\hibernate-core\5.4.4.Final\hibernate-core-5.4.4.Final.jar;C:\Users\Amaia\.m2\repository\org\jboss\logging\jboss-logging\3.4.1.Final\jboss-logging-3.4.1.Final.jar;C:\Users\Amaia\.m2\repository\javax\persistence\javax.persistence-api\2.2\javax.persistence-api-2.2.jar;C:\Users\Amaia\.m2\repository\org\javassist\javassist\3.24.0-GA\javassist-3.24.0-GA.jar;C:\Users\Amaia\.m2\repository\net\bytebuddy\byte-buddy\1.10.10\byte-buddy-1.10.10.jar;C:\Users\Amaia\.m2\repository\antlr\antlr\2.7.7\antlr-2.7.7.jar;C:\Users\Amaia\.m2\repository\org\jboss\spec\javax\transaction\jboss-transaction-api_1.2_spec\1.1.1.Final\jboss-transaction-api_1.2_spec-1.1.1.Final.jar;C:\Users\Amaia\.m2\repository\org\jboss\jandex\2.0.5.Final\jandex-2.0.5.Final.jar;C:\Users\Amaia\.m2\repository\com\fasterxml\classmate\1.5.1\classmate-1.5.1.jar;C:\Users\Amaia\.m2\repository\javax\activation\javax.activation-api\1.2.0\javax.activation-api-1.2.0.jar;C:\Users\Amaia\.m2\repository\org\dom4j\dom4j\2.1.1\dom4j-2.1.1.jar;C:\Users\Amaia\.m2\repository\org\hibernate\common\hibernate-commons-annotations\5.1.0.Final\hibernate-commons-annotations-5.1.0.Final.jar;C:\Users\Amaia\.m2\repository\javax\xml\bind\jaxb-api\2.3.1\jaxb-api-2.3.1.jar;C:\Users\Amaia\.m2\repository\org\glassfish\jaxb\jaxb-runtime\2.3.3\jaxb-runtime-2.3.3.jar;C:\Users\Amaia\.m2\repository\org\glassfish\jaxb\txw2\2.3.3\txw2-2.3.3.jar;C:\Users\Amaia\.m2\repository\com\sun\istack\istack-commons-runtime\3.0.11\istack-commons-runtime-3.0.11.jar;C:\Users\Amaia\.m2\repository\org\junit\jupiter\junit-jupiter\5.6.2\junit-jupiter-5.6.2.jar;C:\Users\Amaia\.m2\repository\org\junit\jupiter\junit-jupiter-params\5.5.2\junit-jupiter-params-5.5.2.jar;C:\Users\Amaia\.m2\repository\org\junit\jupiter\junit-jupiter-engine\5.5.2\junit-jupiter-engine-5.5.2.jar;C:\Users\Amaia\.m2\repository\org\junit\platform\junit-platform-engine\1.5.2\junit-platform-engine-1.5.2.jar;C:\Users\Amaia\.m2\repository\com\h2database\h2\1.4.200\h2-1.4.200.jar;C:\Users\Amaia\.m2\repository\org\springframework\boot\spring-boot-starter-websocket\2.2.7.RELEASE\spring-boot-starter-websocket-2.2.7.RELEASE.jar;C:\Users\Amaia\.m2\repository\org\springframework\spring-messaging\5.2.6.RELEASE\spring-messaging-5.2.6.RELEASE.jar;C:\Users\Amaia\.m2\repository\org\springframework\spring-websocket\5.2.6.RELEASE\spring-websocket-5.2.6.RELEASE.jar;"/>
    <property name="sun.cpu.endian" value="little"/>
    <property name="user.home" value="C:\Users\Amaia"/>
    <property name="user.language" value="es"/>
    <property name="java.specification.vendor" value="Oracle Corporation"/>
    <property name="java.version.date" value="2020-07-14"/>
    <property name="java.home" value="C:\Program Files\Java\jdk-11.0.8"/>
    <property name="file.separator" value="\"/>
    <property name="basedir" value="D:\Users\Amaia\Desktop\PBL5\pbl5\popbl5\Code\Backend"/>
    <property name="java.vm.compressedOopsMode" value="Zero based"/>
    <property name="line.separator" value="&#10;"/>
    <property name="java.specification.name" value="Java Platform API Specification"/>
    <property name="java.vm.specification.vendor" value="Oracle Corporation"/>
    <property name="java.awt.graphicsenv" value="sun.awt.Win32GraphicsEnvironment"/>
    <property name="surefire.real.class.path" value="C:\Users\Amaia\AppData\Local\Temp\surefire16142648255240093647\surefirebooter54800998776097931.jar"/>
    <property name="user.script" value=""/>
    <property name="sun.management.compiler" value="HotSpot 64-Bit Tiered Compilers"/>
    <property name="java.runtime.version" value="11.0.8+10-LTS"/>
    <property name="user.name" value="Amaia"/>
    <property name="path.separator" value=";"/>
    <property name="os.version" value="10.0"/>
    <property name="java.runtime.name" value="Java(TM) SE Runtime Environment"/>
    <property name="file.encoding" value="Cp1252"/>
    <property name="java.vm.name" value="Java HotSpot(TM) 64-Bit Server VM"/>
    <property name="java.vendor.version" value="18.9"/>
    <property name="localRepository" value="C:\Users\Amaia\.m2\repository"/>
    <property name="java.vendor.url.bug" value="https://bugreport.java.com/bugreport/"/>
    <property name="java.io.tmpdir" value="C:\Users\Amaia\AppData\Local\Temp\"/>
    <property name="java.version" value="11.0.8"/>
    <property name="user.dir" value="D:\Users\Amaia\Desktop\PBL5\pbl5\popbl5\Code\Backend"/>
    <property name="os.arch" value="amd64"/>
    <property name="java.vm.specification.name" value="Java Virtual Machine Specification"/>
    <property name="java.awt.printerjob" value="sun.awt.windows.WPrinterJob"/>
    <property name="sun.os.patch.level" value=""/>
    <property name="java.library.path" value="C:\Program Files\Java\jdk-11.0.8\bin;C:\WINDOWS\Sun\Java\bin;C:\WINDOWS\system32;C:\WINDOWS;C:\Program Files\AdoptOpenJDK\jdk-11.0.8.10-hotspot\bin;C:\Program Files\Common Files\Oracle\Java\javapath;C:\Program Files (x86)\Common Files\Oracle\Java\javapath;C:\WINDOWS\system32;C:\WINDOWS;C:\WINDOWS\System32\Wbem;C:\WINDOWS\System32\WindowsPowerShell\v1.0\;C:\WINDOWS\System32\OpenSSH\;C:\Program Files (x86)\NVIDIA Corporation\PhysX\Common;C:\Program Files\NVIDIA Corporation\NVIDIA NvDLISR;C:\Program Files\MATLAB\R2019b\bin;C:\Program Files\PuTTY\;D:\DeltaTau\PowerPMACSim\opt\ppmac\MinGW\bin;C:\WINDOWS\system32;C:\WINDOWS;C:\WINDOWS\System32\Wbem;C:\WINDOWS\System32\WindowsPowerShell\v1.0\;C:\WINDOWS\System32\OpenSSH\;C:\sonar-scanner-4.4.0.2170-windows\bin;C:\Program Files\Git\cmd;C:\Program Files\TortoiseGit\bin;C;C:\Program Files\doxygen\bin;C:\Program Files\MySQL\MySQL Shell 8.0\bin\;C:\Users\Amaia\AppData\Local\Microsoft\WindowsApps;C:\SysGCC\raspberry\bin;C:\Users\Amaia\AppData\Local\GitHubDesktop\bin;D:\PROGRAMAS\Microsoft VS Code\bin;D:\Users\Amaia\Desktop\MONDRA3\SW ENGINEERING\sonar-scanner-4.4.0.2170-windows\bin;C:\Program Files\apache-maven-3.5.4\bin;;C:\Users\Amaia\AppData\Local\Microsoft\WindowsApps;."/>
    <property name="java.vendor" value="Oracle Corporation"/>
    <property name="java.vm.info" value="mixed mode"/>
    <property name="java.vm.version" value="11.0.8+10-LTS"/>
    <property name="sun.io.unicode.encoding" value="UnicodeLittle"/>
    <property name="java.class.version" value="55.0"/>
  </properties>
  <testcase name="loadUserbyUsername" classname="net.javaguides.springboot.SpringbootThymeleafCrudWebAppApplicationTests" time="0.449"/>
  <testcase name="testSetReservationSquedule" classname="net.javaguides.springboot.SpringbootThymeleafCrudWebAppApplicationTests" time="0"/>
  <testcase name="testSetDeskType" classname="net.javaguides.springboot.SpringbootThymeleafCrudWebAppApplicationTests" time="0"/>
  <testcase name="testSetUserFirstName" classname="net.javaguides.springboot.SpringbootThymeleafCrudWebAppApplicationTests" time="0"/>
  <testcase name="createNotification" classname="net.javaguides.springboot.SpringbootThymeleafCrudWebAppApplicationTests" time="0.034"/>
  <testcase name="testSetReservationDesk" classname="net.javaguides.springboot.SpringbootThymeleafCrudWebAppApplicationTests" time="0.001"/>
  <testcase name="testSetReservationRoom" classname="net.javaguides.springboot.SpringbootThymeleafCrudWebAppApplicationTests" time="0"/>
  <testcase name="testSetReservationTime" classname="net.javaguides.springboot.SpringbootThymeleafCrudWebAppApplicationTests" time="0"/>
  <testcase name="testSetReservationUser" classname="net.javaguides.springboot.SpringbootThymeleafCrudWebAppApplicationTests" time="0"/>
  <testcase name="createRoomRecord" classname="net.javaguides.springboot.SpringbootThymeleafCrudWebAppApplicationTests" time="0.143"/>
  <testcase name="testSetChatType" classname="net.javaguides.springboot.SpringbootThymeleafCrudWebAppApplicationTests" time="0"/>
  <testcase name="testSetChatCol" classname="net.javaguides.springboot.SpringbootThymeleafCrudWebAppApplicationTests" time="0"/>
  <testcase name="testSetChatRow" classname="net.javaguides.springboot.SpringbootThymeleafCrudWebAppApplicationTests" time="0"/>
  <testcase name="findBuilding" classname="net.javaguides.springboot.SpringbootThymeleafCrudWebAppApplicationTests" time="0"/>
  <testcase name="testSetDeskColumn" classname="net.javaguides.springboot.SpringbootThymeleafCrudWebAppApplicationTests" time="0"/>
  <testcase name="faqList" classname="net.javaguides.springboot.SpringbootThymeleafCrudWebAppApplicationTests" time="2.051"/>
  <testcase name="testSetCovidId" classname="net.javaguides.springboot.SpringbootThymeleafCrudWebAppApplicationTests" time="0"/>
  <testcase name="testSetDeskNumber" classname="net.javaguides.springboot.SpringbootThymeleafCrudWebAppApplicationTests" time="0"/>
  <testcase name="findFaq" classname="net.javaguides.springboot.SpringbootThymeleafCrudWebAppApplicationTests" time="0"/>
  <testcase name="testSetDeskRoomId" classname="net.javaguides.springboot.SpringbootThymeleafCrudWebAppApplicationTests" time="0"/>
  <testcase name="findDesk" classname="net.javaguides.springboot.SpringbootThymeleafCrudWebAppApplicationTests" time="0"/>
  <testcase name="findUser" classname="net.javaguides.springboot.SpringbootThymeleafCrudWebAppApplicationTests" time="0"/>
  <testcase name="createBuildingDto" classname="net.javaguides.springboot.SpringbootThymeleafCrudWebAppApplicationTests" time="0.103"/>
  <testcase name="testSetCovidUserId" classname="net.javaguides.springboot.SpringbootThymeleafCrudWebAppApplicationTests" time="0"/>
  <testcase name="testRestREservationPerRoom" classname="net.javaguides.springboot.SpringbootThymeleafCrudWebAppApplicationTests" time="0.414"/>
  <testcase name="testRestgetInfections" classname="net.javaguides.springboot.SpringbootThymeleafCrudWebAppApplicationTests" time="0.365"/>
  <testcase name="createBuilding" classname="net.javaguides.springboot.SpringbootThymeleafCrudWebAppApplicationTests" time="0.252"/>
  <testcase name="testSetDeskRow" classname="net.javaguides.springboot.SpringbootThymeleafCrudWebAppApplicationTests" time="0"/>
  <testcase name="changeNewPassword" classname="net.javaguides.springboot.SpringbootThymeleafCrudWebAppApplicationTests" time="0"/>
  <testcase name="testSetRoomReservationBuilding" classname="net.javaguides.springboot.SpringbootThymeleafCrudWebAppApplicationTests" time="0"/>
  <testcase name="listcovid19" classname="net.javaguides.springboot.SpringbootThymeleafCrudWebAppApplicationTests" time="0.265"/>
  <testcase name="listBuilding" classname="net.javaguides.springboot.SpringbootThymeleafCrudWebAppApplicationTests" time="0.153"/>
  <testcase name="userList" classname="net.javaguides.springboot.SpringbootThymeleafCrudWebAppApplicationTests" time="1.131"/>
  <testcase name="findReservation" classname="net.javaguides.springboot.SpringbootThymeleafCrudWebAppApplicationTests" time="0"/>
  <testcase name="roomList" classname="net.javaguides.springboot.SpringbootThymeleafCrudWebAppApplicationTests" time="0.282"/>
  <testcase name="testSetChatUsers" classname="net.javaguides.springboot.SpringbootThymeleafCrudWebAppApplicationTests" time="0"/>
  <testcase name="findcovid19" classname="net.javaguides.springboot.SpringbootThymeleafCrudWebAppApplicationTests" time="0"/>
  <testcase name="testSetUserLastName" classname="net.javaguides.springboot.SpringbootThymeleafCrudWebAppApplicationTests" time="0"/>
  <testcase name="testSetRoomReservationSquedule" classname="net.javaguides.springboot.SpringbootThymeleafCrudWebAppApplicationTests" time="0"/>
  <testcase name="changeRepeatPassword" classname="net.javaguides.springboot.SpringbootThymeleafCrudWebAppApplicationTests" time="0"/>
  <testcase name="testChargeRooms" classname="net.javaguides.springboot.SpringbootThymeleafCrudWebAppApplicationTests" time="0.3"/>
  <testcase name="testSetCovidDate" classname="net.javaguides.springboot.SpringbootThymeleafCrudWebAppApplicationTests" time="0"/>
  <testcase name="testUsername" classname="net.javaguides.springboot.SpringbootThymeleafCrudWebAppApplicationTests" time="0"/>
  <testcase name="findNotification" classname="net.javaguides.springboot.SpringbootThymeleafCrudWebAppApplicationTests" time="0"/>
  <testcase name="testSetRoomReservationId" classname="net.javaguides.springboot.SpringbootThymeleafCrudWebAppApplicationTests" time="0"/>
  <testcase name="createFaq" classname="net.javaguides.springboot.SpringbootThymeleafCrudWebAppApplicationTests" time="0.051"/>
  <testcase name="changeOldPassword" classname="net.javaguides.springboot.SpringbootThymeleafCrudWebAppApplicationTests" time="0"/>
  <testcase name="testRestgetInfectionsPerWeek" classname="net.javaguides.springboot.SpringbootThymeleafCrudWebAppApplicationTests" time="0.165"/>
  <testcase name="testSetChatRoomId" classname="net.javaguides.springboot.SpringbootThymeleafCrudWebAppApplicationTests" time="0"/>
  <testcase name="testSetRoomReservationRoom" classname="net.javaguides.springboot.SpringbootThymeleafCrudWebAppApplicationTests" time="0"/>
  <testcase name="testSetRoomReservationTime" classname="net.javaguides.springboot.SpringbootThymeleafCrudWebAppApplicationTests" time="0"/>
  <testcase name="testSetRoomReservationUser" classname="net.javaguides.springboot.SpringbootThymeleafCrudWebAppApplicationTests" time="0"/>
  <testcase name="deleteBuilding" classname="net.javaguides.springboot.SpringbootThymeleafCrudWebAppApplicationTests" time="0.244"/>
  <testcase name="testSetDeskId" classname="net.javaguides.springboot.SpringbootThymeleafCrudWebAppApplicationTests" time="0"/>
  <testcase name="testMonitor" classname="net.javaguides.springboot.SpringbootThymeleafCrudWebAppApplicationTests" time="0"/>
  <testcase name="testInfected" classname="net.javaguides.springboot.SpringbootThymeleafCrudWebAppApplicationTests" time="0"/>
  <testcase name="deskList" classname="net.javaguides.springboot.SpringbootThymeleafCrudWebAppApplicationTests" time="1.124"/>
  <testcase name="testRestgetReservations" classname="net.javaguides.springboot.SpringbootThymeleafCrudWebAppApplicationTests" time="0.782"/>
  <testcase name="createUser" classname="net.javaguides.springboot.SpringbootThymeleafCrudWebAppApplicationTests" time="0.192"/>
  <testcase name="testSetBuildingName" classname="net.javaguides.springboot.SpringbootThymeleafCrudWebAppApplicationTests" time="0"/>
  <testcase name="testSetReservationId" classname="net.javaguides.springboot.SpringbootThymeleafCrudWebAppApplicationTests" time="0"/>
  <testcase name="createcovid19" classname="net.javaguides.springboot.SpringbootThymeleafCrudWebAppApplicationTests" time="0.09"/>
  <testcase name="roomRecordList" classname="net.javaguides.springboot.SpringbootThymeleafCrudWebAppApplicationTests" time="0.127"/>
  <testcase name="testSetIdal" classname="net.javaguides.springboot.SpringbootThymeleafCrudWebAppApplicationTests" time="0"/>
  <testcase name="notificationList" classname="net.javaguides.springboot.SpringbootThymeleafCrudWebAppApplicationTests" time="0.334"/>
  <testcase name="testSetReservationBuilding" classname="net.javaguides.springboot.SpringbootThymeleafCrudWebAppApplicationTests" time="0"/>
  <testcase name="testSetBuildingAddress" classname="net.javaguides.springboot.SpringbootThymeleafCrudWebAppApplicationTests" time="0"/>
  <testcase name="testSetBuildingId" classname="net.javaguides.springboot.SpringbootThymeleafCrudWebAppApplicationTests" time="0"/>
  <testcase name="testPassword" classname="net.javaguides.springboot.SpringbootThymeleafCrudWebAppApplicationTests" time="0"/>
  <testcase name="findUserbyUsername" classname="net.javaguides.springboot.SpringbootThymeleafCrudWebAppApplicationTests" time="0.939"/>
  <testcase name="createUserDto" classname="net.javaguides.springboot.SpringbootThymeleafCrudWebAppApplicationTests" time="0.25"/>
  <testcase name="testSetEmail" classname="net.javaguides.springboot.SpringbootThymeleafCrudWebAppApplicationTests" time="0"/>
</testsuite>